  Bard.cpp
  Configs.cpp
  Diana.cpp
  Draven.cpp
  Ekko.cpp
  Evade.cpp
  EvadeLogic.cpp
  EvadeSpellDB.cpp
  Fizz.cpp
  JarvanIV.cpp
  Karma.cpp
  Lux.cpp
  OnLoad.cpp
  PathFinding.cpp
  Poppy.cpp
  Sion.cpp
  SpellDB.cpp
  SpellDetector.cpp
  SpellInstance.cpp
  Syndra.cpp
  Compiling...
  Viktor.cpp
  Zilean.cpp
     Creating library D:\Users\docum\vEvade\Evade\Release\Evade.lib and object D:\Users\docum\vEvade\Evade\Release\Evade.exp
  Generating code
  15 of 6012 functions ( 0.2%) were compiled, the rest were copied from previous compilation.
    0 functions were new in current compilation
    18 functions had inline decision re-evaluated but remain unchanged
  Finished generating code
  Evade.vcxproj -> D:\Users\docum\vEvade\Evade\Release\Evade.dll
